Using launch settings from D:\3_Study_Everything_43GB\2_Hutech_14GB\1_CTDT_13GB\#0_Do_An_Chuyen_Nganh_HK_10AB\2_CODE\Hutech-StudyMate\Properties\launchSettings.json...
Building...
fail: Microsoft.Extensions.Hosting.Internal.Host[11]
      Hosting failed to start
      System.IO.IOException: Failed to bind to address http://127.0.0.1:5000: address already in use.
       ---> Microsoft.AspNetCore.Connections.AddressInUseException: Only one usage of each socket address (protocol/network address/port) is normally permitted.
       ---> System.Net.Sockets.SocketException (10048): Only one usage of each socket address (protocol/network address/port) is normally permitted.
         at System.Net.Sockets.Socket.UpdateStatusAfterSocketErrorAndThrowException(SocketError error, Boolean disconnectOnFailure, String callerName)
         at System.Net.Sockets.Socket.DoBind(EndPoint endPointSnapshot, SocketAddress socketAddress)
         at System.Net.Sockets.Socket.Bind(EndPoint localEP)
         at Microsoft.AspNetCore.Server.Kestrel.Transport.Sockets.SocketTransportOptions.CreateDefaultBoundListenSocket(EndPoint endpoint)
         at Microsoft.AspNetCore.Server.Kestrel.Transport.Sockets.SocketConnectionListener.Bind()
         --- End of inner exception stack trace ---
         at Microsoft.AspNetCore.Server.Kestrel.Transport.Sockets.SocketConnectionListener.Bind()
         at Microsoft.AspNetCore.Server.Kestrel.Transport.Sockets.SocketTransportFactory.BindAsync(EndPoint endpoint, CancellationToken cancellationToken)
         at Microsoft.AspNetCore.Server.Kestrel.Core.Internal.Infrastructure.TransportManager.BindAsync(EndPoint endPoint, ConnectionDelegate connectionDelegate, EndpointConfig endpointConfig, CancellationToken cancellationToken)
         at Microsoft.AspNetCore.Server.Kestrel.Core.KestrelServerImpl.<>c__DisplayClass28_0`1.<<StartAsync>g__OnBind|0>d.MoveNext()
      --- End of stack trace from previous location ---
         at Microsoft.AspNetCore.Server.Kestrel.Core.Internal.AddressBinder.BindEndpointAsync(ListenOptions endpoint, AddressBindContext context, CancellationToken cancellationToken)
         --- End of inner exception stack trace ---
         at Microsoft.AspNetCore.Server.Kestrel.Core.Internal.AddressBinder.BindEndpointAsync(ListenOptions endpoint, AddressBindContext context, CancellationToken cancellationToken)
         at Microsoft.AspNetCore.Server.Kestrel.Core.LocalhostListenOptions.BindAsync(AddressBindContext context, CancellationToken cancellationToken)
         at Microsoft.AspNetCore.Server.Kestrel.Core.Internal.AddressBinder.AddressesStrategy.BindAsync(AddressBindContext context, CancellationToken cancellationToken)
         at Microsoft.AspNetCore.Server.Kestrel.Core.KestrelServerImpl.BindAsync(CancellationToken cancellationToken)
         at Microsoft.AspNetCore.Server.Kestrel.Core.KestrelServerImpl.StartAsync[TContext](IHttpApplication`1 application, CancellationToken cancellationToken)
         at Microsoft.AspNetCore.Hosting.GenericWebHostService.StartAsync(CancellationToken cancellationToken)
         at Microsoft.Extensions.Hosting.Internal.Host.<StartAsync>b__14_1(IHostedService service, CancellationToken token)
         at Microsoft.Extensions.Hosting.Internal.Host.ForeachService[T](IEnumerable`1 services, CancellationToken token, Boolean concurrent, Boolean abortOnFirstException, List`1 exceptions, Func`3 operation)
dotnet : Unhandled exception. 
System.IO.IOException: Failed to bind to 
address http://127.0.0.1:5000: address 
already in use.
At line:1 char:1
+ dotnet run 2>&1 | Out-File -FilePath 
error.log -Encoding utf8
+ ~~~~~~~~~~~~~~~
    + CategoryInfo          : NotSpecified:  
   (Unhandled excep...already in use.:Strin  
  g) [], RemoteException
    + FullyQualifiedErrorId : NativeCommandE 
   rror
 
 ---> Microsoft.AspNetCore.Connections.Addres
sInUseException: Only one usage of each 
socket address (protocol/network 
address/port) is normally permitted.
 ---> System.Net.Sockets.SocketException 
(10048): Only one usage of each socket 
address (protocol/network address/port) is 
normally permitted.
   at System.Net.Sockets.Socket.UpdateStatusA
fterSocketErrorAndThrowException(SocketError 
error, Boolean disconnectOnFailure, String 
callerName)
   at 
System.Net.Sockets.Socket.DoBind(EndPoint 
endPointSnapshot, SocketAddress 
socketAddress)
   at 
System.Net.Sockets.Socket.Bind(EndPoint 
localEP)
   at Microsoft.AspNetCore.Server.Kestrel.Tra
nsport.Sockets.SocketTransportOptions.CreateD
efaultBoundListenSocket(EndPoint endpoint)
   at Microsoft.AspNetCore.Server.Kestrel.Tra
nsport.Sockets.SocketConnectionListener.Bind(
)
   --- End of inner exception stack trace ---
   at Microsoft.AspNetCore.Server.Kestrel.Tra
nsport.Sockets.SocketConnectionListener.Bind(
)
   at Microsoft.AspNetCore.Server.Kestrel.Tra
nsport.Sockets.SocketTransportFactory.BindAsy
nc(EndPoint endpoint, CancellationToken 
cancellationToken)
   at Microsoft.AspNetCore.Server.Kestrel.Cor
e.Internal.Infrastructure.TransportManager.Bi
ndAsync(EndPoint endPoint, 
ConnectionDelegate connectionDelegate, 
EndpointConfig endpointConfig, 
CancellationToken cancellationToken)
   at Microsoft.AspNetCore.Server.Kestrel.Cor
e.KestrelServerImpl.<>c__DisplayClass28_0`1.<
<StartAsync>g__OnBind|0>d.MoveNext()
--- End of stack trace from previous 
location ---
   at Microsoft.AspNetCore.Server.Kestrel.Cor
e.Internal.AddressBinder.BindEndpointAsync(Li
stenOptions endpoint, AddressBindContext 
context, CancellationToken cancellationToken)
   --- End of inner exception stack trace ---
   at Microsoft.AspNetCore.Server.Kestrel.Cor
e.Internal.AddressBinder.BindEndpointAsync(Li
stenOptions endpoint, AddressBindContext 
context, CancellationToken cancellationToken)
   at Microsoft.AspNetCore.Server.Kestrel.Cor
e.LocalhostListenOptions.BindAsync(AddressBin
dContext context, CancellationToken 
cancellationToken)
   at Microsoft.AspNetCore.Server.Kestrel.Cor
e.Internal.AddressBinder.AddressesStrategy.Bi
ndAsync(AddressBindContext context, 
CancellationToken cancellationToken)
   at Microsoft.AspNetCore.Server.Kestrel.Cor
e.KestrelServerImpl.BindAsync(CancellationTok
en cancellationToken)
   at Microsoft.AspNetCore.Server.Kestrel.Cor
e.KestrelServerImpl.StartAsync[TContext](IHtt
pApplication`1 application, 
CancellationToken cancellationToken)
   at Microsoft.AspNetCore.Hosting.GenericWeb
HostService.StartAsync(CancellationToken 
cancellationToken)
   at Microsoft.Extensions.Hosting.Internal.H
ost.<StartAsync>b__14_1(IHostedService 
service, CancellationToken token)
   at Microsoft.Extensions.Hosting.Internal.H
ost.ForeachService[T](IEnumerable`1 
services, CancellationToken token, Boolean 
concurrent, Boolean abortOnFirstException, 
List`1 exceptions, Func`3 operation)
   at Microsoft.Extensions.Hosting.Internal.H
ost.StartAsync(CancellationToken 
cancellationToken)
   at Microsoft.Extensions.Hosting.HostingAbs
tractionsHostExtensions.RunAsync(IHost host, 
CancellationToken token)
   at Microsoft.Extensions.Hosting.HostingAbs
tractionsHostExtensions.RunAsync(IHost host, 
CancellationToken token)
   at Microsoft.Extensions.Hosting.HostingAbs
tractionsHostExtensions.Run(IHost host)
   at Program.<Main>$(String[] args) in D:\3_
Study_Everything_43GB\2_Hutech_14GB\1_CTDT_13
GB\#0_Do_An_Chuyen_Nganh_HK_10AB\2_CODE\Hutec
h-StudyMate\Program.cs:line 66
